//FOR TRACER JOYSTICK

//LEFT-STICK	CENTER	5: 128, 6: 128, 
//LEFT-STICK	UP		6: 0, 
//LEFT-STICK	DOWN	6: 255, 
//LEFT-STICK	LEFT	5: 0, 
//LEFT-STICK	RIGHT	5: 255, 

//RIGHT-STICK	CENTER	3: 128, 4: 128, 
//RIGHT-STICK	UP		3:   0, 
//RIGHT-STICK	DOWN	3: 255, 
//RIGHT-STICK	LEFT	4:   0, 
//RIGHT-STICK	RIGHT	4: 255, 
/*
D-PAD FREE			7: 0D----1111, 
D-PAD USED			7: 0D----0XXX, 
D-PAD UP			7: 0d-----000, 
D-PAD UP-RIGHT		7: 0d-----001, 
D-PAD RIGHT			7: 0d-----010, 
D-PAD RIGHT-DOWN	7: 0d-----011, 
D-PAD DOWN			7: 0d-----100, 
D-PAD DOWN-LEFT		7: 0d-----101, 
D-PAD LEFT			7: 0d-----110, 
D-PAD UP-LEFT		7: 0d-----111, 

BTN-1				7: 0d---1----, 
BTN-2				7: 0d--1-----, 
BTN-3				7: 0d-1------, 
BTN-4				7: 0d1-------, 


R1	ON				8: 0d----1---, 
L1	ON				8: 0d-----1--, 
R2	ON				8: 0d------1-, 
L2	ON				8: 0d-------1, 

SELECT				8: 0d---1----, 
START				8: 0d--1-----, 

LEFT-STICK CLICK	8: 0d-1------, 
RIGHT-STICK CLICK	8: 0d1-------, 


INPUT REPORT
+------------------------------------------------------------------------+
|                 TRACER Red Arrow PC/PS2/PS3 ( enhanced state )         |
+-------+-------+-------+-------+--------+-------+-------+-------+-------+
| b\bit |   7   |   6   |   5   |   4    |   3   |   2   |   1   |   0   |
+-------+-------+-------+-------+--------+-------+-------+-------+-------+
|   0   |   0?  |   0?  |   0?  |   0?   |   0?  |   0?  |   0?  |   0?  |
+-------+-------+-------+-------+--------+-------+-------+-------+-------+
|   1   |   0?  |   0?  |   0?  |   0?   |   0?  |   0?  |   0?  |   1?  |
+-------+-------+-------+-------+--------+-------+-------+-------+-------+
|   2   |  right stick vertical    0 = UP,   128 = CENTER, 255 = DOWN    |
+-------+-------+-------+-------+--------+-------+-------+-------+-------+
|   3   |  right stick horizontal  0 = LEFT, 128 = CENTER, 255 = RIGHT   |
+-------+-------+-------+-------+--------+-------+-------+-------+-------+
|   4   |  left stick horizontal   0 = LEFT, 128 = CENTER, 255 = RIGHT   |
+-------+-------+-------+-------+--------+-------+-------+-------+-------+
|   5   |  left stick vertical     0 = UP,   128 = CENTER, 255 = DOWN    |
+-------+-------+-------+-------+--------+-------+-------+-------+-------+
|   6   | BTN-4 | BTN-3 | BTN-2 | BTN-1  | D-PAD*|     D-PAD encoded*    |
+-------+-------+-------+-------+--------+-------+-------+-------+-------+
|   7   |  R-S* |  L-S* | START | SELECT |   R1  |   L1  |   R2  |   L2  |
+-------+-------+-------+-------+--------+-------+-------+-------+-------+
|   8   |   0?  |   0?  |   0?  |   0?   |   0?  |   0?  |   0?  |   0?  |
+-------+-------+-------+-------+--------+-------+-------+-------+-------+


D-PAD*: signs D-PAD usage with 0 normal state is 1
D-PAD encoded*: 
UP          0 0 0
UP-RIGHT    0 0 1
RIGHT       0 1 0
RIGHT-DOWN  0 1 1
DOWN        1 0 0
DOWN-LEFT   1 0 1
LEFT        1 1 0
UP-LEFT     1 1 1

R-S*: Right Stick click
L-S*: Left Stick click








INPUT REPORT
+-----------------------------------------------------------------------+
|                       X360 compatible controller                       |
+-------+-------+-------+-------+-------+-------+-------+-------+-------+
| b\bit |   7   |   6   |   5   |   4   |   3   |   2   |   1   |   0   |
+-------+-------+-------+-------+-------+-------+-------+-------+-------+
|   0   |                   Message type = 0x00                         |
+-------+-------+-------+-------+-------+-------+-------+-------+-------+
|   1   |                   Packet size  = 0x14                         |
+-------+-------+-------+-------+-------+-------+-------+-------+-------+
|   2   | R-S*  | L-S*  | back  | start |D-right| D-left| D-down| D-up  |
+-------+-------+-------+-------+-------+-------+-------+-------+-------+
|   3   | Y     | X     | B     | A     | N/A   | X logo| RB    | LB    |
+-------+-------+-------+-------+-------+-------+-------+-------+-------+
|   4   |                         Left trigger                          |
+-------+-------+-------+-------+-------+-------+-------+-------+-------+
|   5   |                         Right trigger                         |
+-------+-------+-------+-------+-------+-------+-------+-------+-------+
|  6  7 |                       Left stick X-axis                       |
+-------+-------+-------+-------+-------+-------+-------+-------+-------+
|  8  9 |                       Left stick Y-axis                       |
+-------+-------+-------+-------+-------+-------+-------+-------+-------+
| 10 11 |                       Right stick X-axis                      |
+-------+-------+-------+-------+-------+-------+-------+-------+-------+
| 12 13 |                       Right stick Y-axis                      |
+-------+-------+-------+-------+-------+-------+-------+-------+-------+
|   14 15 16 17 18 19   |              N/A                              |
+-------+-------+-------+-------+-------+-------+-------+-------+-------+


R-S*: Right Stick click
L-S*: Left Stick click

