Build started 20/03/2015 03:29:02.
     1>Project "C:\Users\nirme\Desktop\game_engine\game_engine\game_engine.vcxproj" on node 2 (Rebuild target(s)).
     1>ClCompile:
         C:\Program Files (x86)\Microsoft Visual Studio 12.0\VC\bin\CL.exe /c /Zi /nologo /W3 /WX- /Ox /Oi /Oy- /GL /D _MBCS /Gm- /EHsc /MD /GS /Gy /fp:precise /Zc:wchar_t /Zc:forScope /Fo"Release\\" /Fd"Release\vc120.pdb" /Gd /TP /analyze- /errorReport:prompt /volatile:iso Base_Exception.cpp Basic_Logger.cpp Input_Manager.cpp itoa.cpp main.cpp Input_Device.cpp strtrim.cpp Unicode.cpp Variable_Library.cpp "Window Procedure.cpp"
         Base_Exception.cpp
         Basic_Logger.cpp
         Input_Manager.cpp
         itoa.cpp
         main.cpp
     1>main.cpp(395): warning C4244: '=' : conversion from 'unsigned long' to 'USHORT', possible loss of data
     1>main.cpp(397): warning C4244: '=' : conversion from 'unsigned long' to 'USHORT', possible loss of data
         Input_Device.cpp
         strtrim.cpp
         Unicode.cpp
         Variable_Library.cpp
         Window Procedure.cpp
       Link:
         C:\Program Files (x86)\Microsoft Visual Studio 12.0\VC\bin\link.exe /ERRORREPORT:PROMPT /OUT:"C:\Users\nirme\Desktop\game_engine\Release\game_engine.exe" /NOLOGO kernel32.lib user32.lib gdi32.lib winspool.lib comdlg32.lib advapi32.lib shell32.lib ole32.lib oleaut32.lib uuid.lib odbc32.lib odbccp32.lib /MANIFEST /MANIFESTUAC:"level='asInvoker' uiAccess='false'" /manifest:embed /DEBUG /PDB:"C:\Users\nirme\Desktop\game_engine\Release\game_engine.pdb" /OPT:REF /OPT:ICF /LTCG /TLBID:1 /DYNAMICBASE /NXCOMPAT /IMPLIB:"C:\Users\nirme\Desktop\game_engine\Release\game_engine.lib" /MACHINE:X86 /SAFESEH Release\Base_Exception.obj
         Release\Basic_Logger.obj
         Release\Input_Manager.obj
         Release\itoa.obj
         Release\main.obj
         Release\Input_Device.obj
         Release\strtrim.obj
         Release\Unicode.obj
         Release\Variable_Library.obj
         "Release\Window Procedure.obj"
         Generating code
         Finished generating code
         game_engine.vcxproj -> C:\Users\nirme\Desktop\game_engine\Release\game_engine.exe
     1>Done Building Project "C:\Users\nirme\Desktop\game_engine\game_engine\game_engine.vcxproj" (Rebuild target(s)).

Build succeeded.

Time Elapsed 00:00:06.87
