Build started 17/03/2015 02:08:44.
     1>Project "C:\Users\nirme\Desktop\game_engine\game_engine\game_engine.vcxproj" on node 2 (Build target(s)).
     1>ClCompile:
         C:\Program Files (x86)\Microsoft Visual Studio 12.0\VC\bin\CL.exe /c /ZI /nologo /W3 /WX- /Od /Oy- /D _MBCS /Gm /EHsc /RTC1 /MDd /GS /fp:precise /Zc:wchar_t /Zc:forScope /Fo"Debug\\" /Fd"Debug\vc120.pdb" /Gd /TP /analyze- /errorReport:prompt main.cpp
         main.cpp
       Link:
         C:\Program Files (x86)\Microsoft Visual Studio 12.0\VC\bin\link.exe /ERRORREPORT:PROMPT /OUT:"C:\Users\nirme\Desktop\game_engine\Debug\game_engine.exe" /NOLOGO kernel32.lib user32.lib gdi32.lib winspool.lib comdlg32.lib advapi32.lib shell32.lib ole32.lib oleaut32.lib uuid.lib odbc32.lib odbccp32.lib /MANIFEST /MANIFESTUAC:"level='asInvoker' uiAccess='false'" /manifest:embed /DEBUG /PDB:"C:\Users\nirme\Desktop\game_engine\Debug\game_engine.pdb" /TLBID:1 /DYNAMICBASE /NXCOMPAT /IMPLIB:"C:\Users\nirme\Desktop\game_engine\Debug\game_engine.lib" /MACHINE:X86 /SAFESEH Debug\Base_Exception.obj
         Debug\Basic_Logger.obj
         Debug\Input_Manager.obj
         Debug\itoa.obj
         Debug\main.obj
         Debug\Input_Device.obj
         Debug\strtrim.obj
         Debug\Unicode.obj
         Debug\Variable_Library.obj
         "Debug\Window Procedure.obj"
     1>Base_Exception.obj : warning LNK4075: ignoring '/EDITANDCONTINUE' due to '/SAFESEH' specification
         game_engine.vcxproj -> C:\Users\nirme\Desktop\game_engine\Debug\game_engine.exe
     1>Done Building Project "C:\Users\nirme\Desktop\game_engine\game_engine\game_engine.vcxproj" (Build target(s)).

Build succeeded.

Time Elapsed 00:00:01.98
