c:\users\nirme\desktop\game_engine\game_engine\debug\vc120.pdb
c:\users\nirme\desktop\game_engine\game_engine\debug\vc120.idb
c:\users\nirme\desktop\game_engine\game_engine\debug\base_exception.obj
c:\users\nirme\desktop\game_engine\game_engine\debug\basic_logger.obj
c:\users\nirme\desktop\game_engine\game_engine\debug\input_manager.obj
c:\users\nirme\desktop\game_engine\game_engine\debug\itoa.obj
c:\users\nirme\desktop\game_engine\game_engine\debug\main.obj
c:\users\nirme\desktop\game_engine\game_engine\debug\input_device.obj
c:\users\nirme\desktop\game_engine\game_engine\debug\strtrim.obj
c:\users\nirme\desktop\game_engine\game_engine\debug\unicode.obj
c:\users\nirme\desktop\game_engine\game_engine\debug\variable_library.obj
c:\users\nirme\desktop\game_engine\game_engine\debug\window procedure.obj
c:\users\nirme\desktop\game_engine\debug\game_engine.ilk
c:\users\nirme\desktop\game_engine\debug\game_engine.exe
c:\users\nirme\desktop\game_engine\debug\game_engine.pdb
c:\users\nirme\desktop\game_engine\game_engine\debug\game_engine.tlog\cl.command.1.tlog
c:\users\nirme\desktop\game_engine\game_engine\debug\game_engine.tlog\cl.read.1.tlog
c:\users\nirme\desktop\game_engine\game_engine\debug\game_engine.tlog\cl.write.1.tlog
c:\users\nirme\desktop\game_engine\game_engine\debug\game_engine.tlog\link.command.1.tlog
c:\users\nirme\desktop\game_engine\game_engine\debug\game_engine.tlog\link.read.1.tlog
c:\users\nirme\desktop\game_engine\game_engine\debug\game_engine.tlog\link.write.1.tlog
